xfschain2022/03/09 - 21:50:38.010	[34minfo[0m	/Users/huangdaxian/Desktop/mi/mi/initialize/router.go:73	router register success
xfschain2022/03/09 - 21:52:02.968	[34minfo[0m	/Users/huangdaxian/Desktop/mi/mi/initialize/router.go:73	router register success
xfschain2022/03/09 - 21:52:52.041	[34minfo[0m	/Users/huangdaxian/Desktop/mi/mi/initialize/router.go:73	router register success
xfschain2022/03/09 - 21:53:13.607	[34minfo[0m	/Users/huangdaxian/Desktop/mi/mi/initialize/router.go:73	router register success
xfschain2022/03/09 - 21:54:14.997	[34minfo[0m	/Users/huangdaxian/Desktop/mi/mi/initialize/router.go:73	router register success
xfschain2022/03/09 - 21:54:14.999	[34minfo[0m	/Users/huangdaxian/Desktop/mi/mi/core/server.go:22	server run success on 	{"address": ":8080"}
xfschain2022/03/09 - 21:55:38.624	[34minfo[0m	/Users/huangdaxian/Desktop/mi/mi/initialize/router.go:73	router register success
xfschain2022/03/09 - 21:57:09.983	[34minfo[0m	/Users/huangdaxian/Desktop/mi/mi/initialize/router.go:73	router register success
xfschain2022/03/09 - 21:57:52.397	[34minfo[0m	/Users/huangdaxian/Desktop/mi/mi/initialize/router.go:73	router register success
xfschain2022/03/09 - 21:57:52.399	[34minfo[0m	/Users/huangdaxian/Desktop/mi/mi/core/server.go:22	server run success on 	{"address": ":8080"}
xfschain2022/03/09 - 22:00:59.211	[34minfo[0m	/Users/huangdaxian/Desktop/mi/mi/initialize/router.go:73	router register success
xfschain2022/03/10 - 10:07:21.220	[34minfo[0m	/Users/huangdaxian/Desktop/mi/mi/initialize/router.go:73	router register success
xfschain2022/03/10 - 10:30:29.897	[34minfo[0m	/Users/huangdaxian/Desktop/mi/mi/initialize/router.go:73	router register success
xfschain2022/03/10 - 10:35:37.258	[34minfo[0m	/Users/huangdaxian/Desktop/mi/mi/initialize/router.go:73	router register success
xfschain2022/03/10 - 11:54:43.151	[34minfo[0m	/Users/huangdaxian/Desktop/mi/mi/initialize/router.go:68	router register success
xfschain2022/03/10 - 11:56:26.105	[34minfo[0m	/Users/huangdaxian/Desktop/mi/mi/initialize/router.go:68	router register success
xfschain2022/03/10 - 11:56:26.107	[34minfo[0m	/Users/huangdaxian/Desktop/mi/mi/core/server.go:24	server run success on 	{"address": ":9800"}
xfschain2022/03/10 - 12:01:06.134	[34minfo[0m	/Users/huangdaxian/Desktop/mi/mi/initialize/router.go:68	router register success
xfschain2022/03/10 - 12:01:06.136	[34minfo[0m	/Users/huangdaxian/Desktop/mi/mi/core/server.go:24	server run success on 	{"address": ":9800"}
xfschain2022/03/10 - 12:02:43.169	[34minfo[0m	/Users/huangdaxian/Desktop/mi/mi/initialize/router.go:68	router register success
xfschain2022/03/10 - 12:02:43.169	[34minfo[0m	/Users/huangdaxian/Desktop/mi/mi/core/server.go:24	server run success on 	{"address": ":9800"}
xfschain2022/03/10 - 12:03:20.209	[34minfo[0m	/Users/huangdaxian/Desktop/mi/mi/initialize/router.go:68	router register success
xfschain2022/03/10 - 12:03:20.210	[34minfo[0m	/Users/huangdaxian/Desktop/mi/mi/core/server.go:24	server run success on 	{"address": ":9800"}
xfschain2022/03/10 - 12:03:50.640	[34minfo[0m	/Users/huangdaxian/Desktop/mi/mi/initialize/router.go:68	router register success
xfschain2022/03/10 - 12:03:50.641	[34minfo[0m	/Users/huangdaxian/Desktop/mi/mi/core/server.go:24	server run success on 	{"address": ":9800"}
xfschain2022/03/10 - 12:04:03.530	[34minfo[0m	/Users/huangdaxian/Desktop/mi/mi/initialize/router.go:68	router register success
xfschain2022/03/10 - 12:04:03.531	[34minfo[0m	/Users/huangdaxian/Desktop/mi/mi/core/server.go:24	server run success on 	{"address": ":9800"}
xfschain2022/03/10 - 12:04:48.802	[34minfo[0m	/Users/huangdaxian/Desktop/mi/mi/initialize/router.go:68	router register success
xfschain2022/03/10 - 12:04:48.803	[34minfo[0m	/Users/huangdaxian/Desktop/mi/mi/core/server.go:24	server run success on 	{"address": ":9800"}
xfschain2022/03/10 - 12:05:08.159	[34minfo[0m	/Users/huangdaxian/Desktop/mi/mi/initialize/router.go:68	router register success
xfschain2022/03/10 - 12:05:08.159	[34minfo[0m	/Users/huangdaxian/Desktop/mi/mi/core/server.go:24	server run success on 	{"address": ":9800"}
xfschain2022/03/10 - 12:07:47.568	[34minfo[0m	/Users/huangdaxian/Desktop/mi/mi/initialize/router.go:68	router register success
xfschain2022/03/10 - 12:07:47.569	[34minfo[0m	/Users/huangdaxian/Desktop/mi/mi/core/server.go:24	server run success on 	{"address": ":9800"}
xfschain2022/03/10 - 12:08:38.328	[34minfo[0m	/Users/huangdaxian/Desktop/mi/mi/initialize/router.go:68	router register success
xfschain2022/03/10 - 12:08:38.329	[34minfo[0m	/Users/huangdaxian/Desktop/mi/mi/core/server.go:24	server run success on 	{"address": ":9800"}
xfschain2022/03/10 - 12:09:59.804	[34minfo[0m	/Users/huangdaxian/Desktop/mi/mi/initialize/router.go:68	router register success
xfschain2022/03/10 - 12:09:59.805	[34minfo[0m	/Users/huangdaxian/Desktop/mi/mi/core/server.go:24	server run success on 	{"address": ":9800"}
xfschain2022/03/10 - 13:22:05.400	[34minfo[0m	/Users/huangdaxian/Desktop/mi/mi/initialize/router.go:68	router register success
xfschain2022/03/10 - 13:22:05.401	[34minfo[0m	/Users/huangdaxian/Desktop/mi/mi/core/server.go:24	server run success on 	{"address": ":9800"}
xfschain2022/03/10 - 13:22:30.061	[34minfo[0m	/Users/huangdaxian/Desktop/mi/mi/initialize/router.go:68	router register success
xfschain2022/03/10 - 13:22:30.062	[34minfo[0m	/Users/huangdaxian/Desktop/mi/mi/core/server.go:24	server run success on 	{"address": ":9800"}
xfschain2022/03/10 - 13:23:13.116	[34minfo[0m	/Users/huangdaxian/Desktop/mi/mi/initialize/router.go:68	router register success
xfschain2022/03/10 - 13:23:13.117	[34minfo[0m	/Users/huangdaxian/Desktop/mi/mi/core/server.go:24	server run success on 	{"address": ":9800"}
xfschain2022/03/10 - 13:24:01.124	[34minfo[0m	/Users/huangdaxian/Desktop/mi/mi/initialize/router.go:68	router register success
xfschain2022/03/10 - 13:24:01.125	[34minfo[0m	/Users/huangdaxian/Desktop/mi/mi/core/server.go:24	server run success on 	{"address": ":9800"}
xfschain2022/03/10 - 13:28:06.721	[34minfo[0m	/Users/huangdaxian/Desktop/mi/mi/initialize/router.go:68	router register success
xfschain2022/03/10 - 13:28:06.722	[34minfo[0m	/Users/huangdaxian/Desktop/mi/mi/core/server.go:24	server run success on 	{"address": ":9800"}
xfschain2022/03/10 - 13:28:38.614	[34minfo[0m	/Users/huangdaxian/Desktop/mi/mi/initialize/router.go:68	router register success
xfschain2022/03/10 - 13:28:38.616	[34minfo[0m	/Users/huangdaxian/Desktop/mi/mi/core/server.go:24	server run success on 	{"address": ":9800"}
xfschain2022/03/10 - 13:37:35.369	[34minfo[0m	/Users/huangdaxian/Desktop/mi/mi/initialize/router.go:68	router register success
xfschain2022/03/10 - 13:37:35.370	[34minfo[0m	/Users/huangdaxian/Desktop/mi/mi/core/server.go:24	server run success on 	{"address": ":9800"}
xfschain2022/03/10 - 13:49:36.409	[34minfo[0m	/Users/huangdaxian/Desktop/mi/mi/initialize/router.go:68	router register success
xfschain2022/03/10 - 13:49:36.409	[34minfo[0m	/Users/huangdaxian/Desktop/mi/mi/core/server.go:24	server run success on 	{"address": ":9800"}
xfschain2022/03/10 - 13:50:36.999	[34minfo[0m	/Users/huangdaxian/Desktop/mi/mi/initialize/router.go:68	router register success
xfschain2022/03/10 - 13:50:37.000	[34minfo[0m	/Users/huangdaxian/Desktop/mi/mi/core/server.go:24	server run success on 	{"address": ":9800"}
xfschain2022/03/10 - 13:51:20.843	[34minfo[0m	/Users/huangdaxian/Desktop/mi/mi/initialize/router.go:68	router register success
xfschain2022/03/10 - 13:51:20.845	[34minfo[0m	/Users/huangdaxian/Desktop/mi/mi/core/server.go:24	server run success on 	{"address": ":9800"}
xfschain2022/03/10 - 13:52:08.434	[34minfo[0m	/Users/huangdaxian/Desktop/mi/mi/initialize/router.go:68	router register success
xfschain2022/03/10 - 13:52:08.434	[34minfo[0m	/Users/huangdaxian/Desktop/mi/mi/core/server.go:24	server run success on 	{"address": ":9800"}
xfschain2022/03/10 - 13:52:35.043	[34minfo[0m	/Users/huangdaxian/Desktop/mi/mi/initialize/router.go:68	router register success
xfschain2022/03/10 - 13:52:35.044	[34minfo[0m	/Users/huangdaxian/Desktop/mi/mi/core/server.go:24	server run success on 	{"address": ":9800"}
xfschain2022/03/10 - 13:53:43.942	[34minfo[0m	/Users/huangdaxian/Desktop/mi/mi/initialize/router.go:68	router register success
xfschain2022/03/10 - 13:53:43.943	[34minfo[0m	/Users/huangdaxian/Desktop/mi/mi/core/server.go:24	server run success on 	{"address": ":9800"}
xfschain2022/03/10 - 13:54:48.438	[34minfo[0m	/Users/huangdaxian/Desktop/mi/mi/initialize/router.go:68	router register success
xfschain2022/03/10 - 13:54:48.439	[34minfo[0m	/Users/huangdaxian/Desktop/mi/mi/core/server.go:24	server run success on 	{"address": ":9800"}
xfschain2022/03/10 - 13:59:57.488	[34minfo[0m	/Users/huangdaxian/Desktop/mi/mi/initialize/router.go:68	router register success
xfschain2022/03/10 - 13:59:57.489	[34minfo[0m	/Users/huangdaxian/Desktop/mi/mi/core/server.go:24	server run success on 	{"address": ":9800"}
xfschain2022/03/10 - 14:01:11.138	[34minfo[0m	/Users/huangdaxian/Desktop/mi/mi/initialize/router.go:68	router register success
xfschain2022/03/10 - 14:01:11.140	[34minfo[0m	/Users/huangdaxian/Desktop/mi/mi/core/server.go:24	server run success on 	{"address": ":9800"}
xfschain2022/03/10 - 14:18:19.895	[34minfo[0m	/Users/huangdaxian/Desktop/mi/mi/initialize/router.go:68	router register success
xfschain2022/03/10 - 14:18:19.896	[34minfo[0m	/Users/huangdaxian/Desktop/mi/mi/core/server.go:24	server run success on 	{"address": ":9800"}
xfschain2022/03/10 - 21:55:23.682	[34minfo[0m	/Users/huangdaxian/Desktop/mi/mi/initialize/router.go:68	router register success
xfschain2022/03/10 - 21:55:23.684	[34minfo[0m	/Users/huangdaxian/Desktop/mi/mi/core/server.go:24	server run success on 	{"address": ":9800"}
xfschain2022/03/10 - 22:00:02.638	[34minfo[0m	/Users/huangdaxian/Desktop/mi/mi/initialize/router.go:68	router register success
xfschain2022/03/10 - 22:00:02.640	[34minfo[0m	/Users/huangdaxian/Desktop/mi/mi/core/server.go:24	server run success on 	{"address": ":9800"}
xfschain2022/03/10 - 22:35:35.552	[34minfo[0m	/Users/huangdaxian/Desktop/mi/mi/initialize/router.go:68	router register success
xfschain2022/03/10 - 22:35:35.552	[34minfo[0m	/Users/huangdaxian/Desktop/mi/mi/core/server.go:24	server run success on 	{"address": ":9800"}
xfschain2022/03/10 - 22:36:13.777	[34minfo[0m	/Users/huangdaxian/Desktop/mi/mi/initialize/router.go:68	router register success
xfschain2022/03/10 - 22:36:13.779	[34minfo[0m	/Users/huangdaxian/Desktop/mi/mi/core/server.go:24	server run success on 	{"address": ":9800"}
xfschain2022/03/10 - 22:37:08.586	[34minfo[0m	/Users/huangdaxian/Desktop/mi/mi/initialize/router.go:68	router register success
xfschain2022/03/10 - 22:37:08.588	[34minfo[0m	/Users/huangdaxian/Desktop/mi/mi/core/server.go:24	server run success on 	{"address": ":9800"}
xfschain2022/03/10 - 22:39:04.789	[34minfo[0m	/Users/huangdaxian/Desktop/mi/mi/initialize/router.go:68	router register success
xfschain2022/03/10 - 22:39:04.791	[34minfo[0m	/Users/huangdaxian/Desktop/mi/mi/core/server.go:24	server run success on 	{"address": ":9800"}
xfschain2022/03/10 - 22:39:57.164	[34minfo[0m	/Users/huangdaxian/Desktop/mi/mi/initialize/router.go:68	router register success
xfschain2022/03/10 - 22:39:57.167	[34minfo[0m	/Users/huangdaxian/Desktop/mi/mi/core/server.go:24	server run success on 	{"address": ":9800"}
xfschain2022/03/10 - 22:41:03.864	[34minfo[0m	/Users/huangdaxian/Desktop/mi/mi/initialize/router.go:68	router register success
xfschain2022/03/10 - 22:41:03.866	[34minfo[0m	/Users/huangdaxian/Desktop/mi/mi/core/server.go:24	server run success on 	{"address": ":9800"}
xfschain2022/03/10 - 22:45:20.687	[34minfo[0m	/Users/huangdaxian/Desktop/mi/mi/initialize/router.go:68	router register success
xfschain2022/03/10 - 22:45:20.691	[34minfo[0m	/Users/huangdaxian/Desktop/mi/mi/core/server.go:24	server run success on 	{"address": ":9800"}
xfschain2022/03/10 - 22:45:42.024	[34minfo[0m	/Users/huangdaxian/Desktop/mi/mi/initialize/router.go:68	router register success
xfschain2022/03/10 - 22:45:42.025	[34minfo[0m	/Users/huangdaxian/Desktop/mi/mi/core/server.go:24	server run success on 	{"address": ":9800"}
xfschain2022/03/10 - 22:46:49.577	[34minfo[0m	/Users/huangdaxian/Desktop/mi/mi/initialize/router.go:68	router register success
xfschain2022/03/10 - 22:46:49.578	[34minfo[0m	/Users/huangdaxian/Desktop/mi/mi/core/server.go:24	server run success on 	{"address": ":9800"}
xfschain2022/03/11 - 10:00:35.856	[34minfo[0m	/Users/huangdaxian/Desktop/mi/mi/initialize/router.go:68	router register success
xfschain2022/03/11 - 10:00:35.858	[34minfo[0m	/Users/huangdaxian/Desktop/mi/mi/core/server.go:24	server run success on 	{"address": ":9800"}
xfschain2022/03/12 - 00:18:02.980	[34minfo[0m	/Users/lanyuanbert/go/src/mi/mi/initialize/router.go:68	router register success
xfschain2022/03/12 - 00:18:02.993	[34minfo[0m	/Users/lanyuanbert/go/src/mi/mi/core/server.go:24	server run success on 	{"address": ":9800"}
xfschain2022/03/12 - 00:26:54.659	[34minfo[0m	/Users/lanyuanbert/go/src/mi/mi/initialize/router.go:68	router register success
xfschain2022/03/12 - 00:26:54.660	[34minfo[0m	/Users/lanyuanbert/go/src/mi/mi/core/server.go:24	server run success on 	{"address": ":9800"}
xfschain2022/03/12 - 00:27:36.530	[34minfo[0m	/Users/lanyuanbert/go/src/mi/mi/initialize/router.go:68	router register success
xfschain2022/03/12 - 00:27:36.531	[34minfo[0m	/Users/lanyuanbert/go/src/mi/mi/core/server.go:24	server run success on 	{"address": ":9800"}
xfschain2022/03/12 - 00:28:21.078	[34minfo[0m	/Users/lanyuanbert/go/src/mi/mi/initialize/router.go:68	router register success
xfschain2022/03/12 - 00:28:21.079	[34minfo[0m	/Users/lanyuanbert/go/src/mi/mi/core/server.go:24	server run success on 	{"address": ":9800"}
xfschain2022/03/12 - 00:29:42.584	[34minfo[0m	/Users/lanyuanbert/go/src/mi/mi/initialize/router.go:68	router register success
xfschain2022/03/12 - 00:29:42.587	[34minfo[0m	/Users/lanyuanbert/go/src/mi/mi/core/server.go:24	server run success on 	{"address": ":9800"}
xfschain2022/03/12 - 00:32:00.596	[34minfo[0m	/Users/lanyuanbert/go/src/mi/mi/initialize/router.go:68	router register success
xfschain2022/03/12 - 00:32:00.596	[34minfo[0m	/Users/lanyuanbert/go/src/mi/mi/core/server.go:24	server run success on 	{"address": ":9800"}
xfschain2022/03/12 - 00:40:25.245	[34minfo[0m	/Users/lanyuanbert/go/src/mi/mi/initialize/router.go:68	router register success
xfschain2022/03/12 - 00:40:25.247	[34minfo[0m	/Users/lanyuanbert/go/src/mi/mi/core/server.go:24	server run success on 	{"address": ":9800"}
xfschain2022/03/12 - 00:40:57.711	[34minfo[0m	/Users/lanyuanbert/go/src/mi/mi/initialize/router.go:68	router register success
xfschain2022/03/12 - 00:40:57.712	[34minfo[0m	/Users/lanyuanbert/go/src/mi/mi/core/server.go:24	server run success on 	{"address": ":9800"}
xfschain2022/03/12 - 00:44:04.136	[34minfo[0m	/Users/lanyuanbert/go/src/mi/mi/initialize/router.go:68	router register success
xfschain2022/03/12 - 00:44:04.138	[34minfo[0m	/Users/lanyuanbert/go/src/mi/mi/core/server.go:24	server run success on 	{"address": ":9800"}
xfschain2022/03/12 - 08:36:48.398	[34minfo[0m	/Users/lanyuanbert/go/src/mi/mi/initialize/router.go:68	router register success
xfschain2022/03/12 - 08:36:48.398	[34minfo[0m	/Users/lanyuanbert/go/src/mi/mi/core/server.go:24	server run success on 	{"address": ":9800"}
xfschain2022/03/12 - 08:37:55.688	[34minfo[0m	/Users/lanyuanbert/go/src/mi/mi/initialize/router.go:68	router register success
xfschain2022/03/12 - 08:37:55.688	[34minfo[0m	/Users/lanyuanbert/go/src/mi/mi/core/server.go:24	server run success on 	{"address": ":9800"}
xfschain2022/03/12 - 10:18:33.901	[34minfo[0m	/Users/huangdaxian/Desktop/mi 2/mi/initialize/router.go:68	router register success
xfschain2022/03/12 - 10:18:33.903	[34minfo[0m	/Users/huangdaxian/Desktop/mi 2/mi/core/server.go:24	server run success on 	{"address": ":9800"}
xfschain2022/03/12 - 11:14:13.731	[34minfo[0m	/Users/huangdaxian/Desktop/mi 2/mi/initialize/router.go:68	router register success
xfschain2022/03/12 - 11:14:13.732	[34minfo[0m	/Users/huangdaxian/Desktop/mi 2/mi/core/server.go:24	server run success on 	{"address": ":9800"}
xfschain2022/03/12 - 11:17:08.334	[34minfo[0m	/Users/huangdaxian/Desktop/mi 2/mi/initialize/router.go:68	router register success
xfschain2022/03/12 - 11:17:08.335	[34minfo[0m	/Users/huangdaxian/Desktop/mi 2/mi/core/server.go:24	server run success on 	{"address": ":9800"}
xfschain2022/03/12 - 11:18:23.515	[34minfo[0m	/Users/huangdaxian/Desktop/mi 2/mi/initialize/router.go:68	router register success
xfschain2022/03/12 - 11:18:23.516	[34minfo[0m	/Users/huangdaxian/Desktop/mi 2/mi/core/server.go:24	server run success on 	{"address": ":9800"}
xfschain2022/03/12 - 11:21:35.984	[34minfo[0m	/Users/huangdaxian/Desktop/mi 2/mi/initialize/router.go:68	router register success
xfschain2022/03/12 - 11:21:35.985	[34minfo[0m	/Users/huangdaxian/Desktop/mi 2/mi/core/server.go:24	server run success on 	{"address": ":9800"}
xfschain2022/03/12 - 11:22:25.029	[34minfo[0m	/Users/huangdaxian/Desktop/mi 2/mi/initialize/router.go:68	router register success
xfschain2022/03/12 - 11:22:25.029	[34minfo[0m	/Users/huangdaxian/Desktop/mi 2/mi/core/server.go:24	server run success on 	{"address": ":9800"}
xfschain2022/03/12 - 12:07:51.434	[34minfo[0m	/Users/huangdaxian/Desktop/mi 2/mi/initialize/router.go:68	router register success
xfschain2022/03/12 - 12:07:51.434	[34minfo[0m	/Users/huangdaxian/Desktop/mi 2/mi/core/server.go:24	server run success on 	{"address": ":9800"}
xfschain2022/03/12 - 12:09:34.882	[34minfo[0m	/Users/huangdaxian/Desktop/mi 2/mi/initialize/router.go:68	router register success
xfschain2022/03/12 - 12:09:34.882	[34minfo[0m	/Users/huangdaxian/Desktop/mi 2/mi/core/server.go:24	server run success on 	{"address": ":9800"}
xfschain2022/03/12 - 12:11:01.865	[34minfo[0m	/Users/huangdaxian/Desktop/mi 2/mi/initialize/router.go:68	router register success
xfschain2022/03/12 - 12:11:01.865	[34minfo[0m	/Users/huangdaxian/Desktop/mi 2/mi/core/server.go:24	server run success on 	{"address": ":9800"}
xfschain2022/03/12 - 12:12:00.827	[34minfo[0m	/Users/huangdaxian/Desktop/mi 2/mi/initialize/router.go:68	router register success
xfschain2022/03/12 - 12:12:00.827	[34minfo[0m	/Users/huangdaxian/Desktop/mi 2/mi/core/server.go:24	server run success on 	{"address": ":9800"}
xfschain2022/03/12 - 12:14:45.399	[34minfo[0m	/Users/huangdaxian/Desktop/mi 2/mi/initialize/router.go:68	router register success
xfschain2022/03/12 - 12:14:45.423	[34minfo[0m	/Users/huangdaxian/Desktop/mi 2/mi/core/server.go:24	server run success on 	{"address": ":9800"}
xfschain2022/03/12 - 12:23:44.468	[34minfo[0m	/Users/huangdaxian/Desktop/mi 2/mi/initialize/router.go:68	router register success
xfschain2022/03/12 - 12:23:44.469	[34minfo[0m	/Users/huangdaxian/Desktop/mi 2/mi/core/server.go:24	server run success on 	{"address": ":9800"}
xfschain2022/03/12 - 12:24:31.964	[34minfo[0m	/Users/huangdaxian/Desktop/mi 2/mi/initialize/router.go:68	router register success
xfschain2022/03/12 - 12:24:31.965	[34minfo[0m	/Users/huangdaxian/Desktop/mi 2/mi/core/server.go:24	server run success on 	{"address": ":9800"}
xfschain2022/03/12 - 12:36:03.682	[34minfo[0m	/Users/huangdaxian/Desktop/mi 2/mi/initialize/router.go:68	router register success
xfschain2022/03/12 - 12:36:03.683	[34minfo[0m	/Users/huangdaxian/Desktop/mi 2/mi/core/server.go:24	server run success on 	{"address": ":9800"}
xfschain2022/03/12 - 12:37:10.913	[34minfo[0m	/Users/huangdaxian/Desktop/mi 2/mi/initialize/router.go:68	router register success
xfschain2022/03/12 - 12:37:10.914	[34minfo[0m	/Users/huangdaxian/Desktop/mi 2/mi/core/server.go:24	server run success on 	{"address": ":9800"}
xfschain2022/03/12 - 12:38:21.658	[34minfo[0m	/Users/huangdaxian/Desktop/mi 2/mi/initialize/router.go:68	router register success
xfschain2022/03/12 - 12:38:21.659	[34minfo[0m	/Users/huangdaxian/Desktop/mi 2/mi/core/server.go:24	server run success on 	{"address": ":9800"}
xfschain2022/03/12 - 12:38:43.068	[34minfo[0m	/Users/huangdaxian/Desktop/mi 2/mi/initialize/router.go:68	router register success
xfschain2022/03/12 - 12:38:43.069	[34minfo[0m	/Users/huangdaxian/Desktop/mi 2/mi/core/server.go:24	server run success on 	{"address": ":9800"}
xfschain2022/03/12 - 12:39:38.669	[34minfo[0m	/Users/huangdaxian/Desktop/mi 2/mi/initialize/router.go:68	router register success
xfschain2022/03/12 - 12:39:38.670	[34minfo[0m	/Users/huangdaxian/Desktop/mi 2/mi/core/server.go:24	server run success on 	{"address": ":9800"}
xfschain2022/03/12 - 12:45:12.074	[34minfo[0m	/Users/huangdaxian/Desktop/mi 2/mi/initialize/router.go:68	router register success
xfschain2022/03/12 - 12:45:12.075	[34minfo[0m	/Users/huangdaxian/Desktop/mi 2/mi/core/server.go:24	server run success on 	{"address": ":9800"}
xfschain2022/03/12 - 12:51:40.889	[34minfo[0m	/Users/huangdaxian/Desktop/mi 2/mi/initialize/router.go:68	router register success
xfschain2022/03/12 - 12:51:40.889	[34minfo[0m	/Users/huangdaxian/Desktop/mi 2/mi/core/server.go:24	server run success on 	{"address": ":9800"}
xfschain2022/03/12 - 12:54:21.829	[34minfo[0m	/Users/huangdaxian/Desktop/mi 2/mi/initialize/router.go:68	router register success
xfschain2022/03/12 - 12:54:21.830	[34minfo[0m	/Users/huangdaxian/Desktop/mi 2/mi/core/server.go:24	server run success on 	{"address": ":9800"}
xfschain2022/03/12 - 12:58:25.333	[34minfo[0m	/Users/huangdaxian/Desktop/mi 2/mi/initialize/router.go:68	router register success
xfschain2022/03/12 - 12:58:25.335	[34minfo[0m	/Users/huangdaxian/Desktop/mi 2/mi/core/server.go:24	server run success on 	{"address": ":9800"}
xfschain2022/03/12 - 13:50:16.747	[34minfo[0m	/Users/huangdaxian/Desktop/mi 2/mi/initialize/router.go:68	router register success
xfschain2022/03/12 - 13:50:16.749	[34minfo[0m	/Users/huangdaxian/Desktop/mi 2/mi/core/server.go:24	server run success on 	{"address": ":9800"}
xfschain2022/03/12 - 14:04:21.586	[34minfo[0m	/Users/huangdaxian/Desktop/mi 2/mi/initialize/router.go:68	router register success
xfschain2022/03/12 - 14:04:21.587	[34minfo[0m	/Users/huangdaxian/Desktop/mi 2/mi/core/server.go:24	server run success on 	{"address": ":9800"}
xfschain2022/03/12 - 14:08:50.820	[34minfo[0m	/Users/huangdaxian/Desktop/mi 2/mi/initialize/router.go:68	router register success
xfschain2022/03/12 - 14:08:50.821	[34minfo[0m	/Users/huangdaxian/Desktop/mi 2/mi/core/server.go:24	server run success on 	{"address": ":9800"}
xfschain2022/03/12 - 14:13:50.253	[34minfo[0m	/Users/huangdaxian/Desktop/mi 2/mi/initialize/router.go:68	router register success
xfschain2022/03/12 - 14:13:50.254	[34minfo[0m	/Users/huangdaxian/Desktop/mi 2/mi/core/server.go:24	server run success on 	{"address": ":9800"}
xfschain2022/03/12 - 14:51:12.432	[34minfo[0m	/Users/huangdaxian/Desktop/mi 2/mi/initialize/router.go:68	router register success
xfschain2022/03/12 - 14:51:12.433	[34minfo[0m	/Users/huangdaxian/Desktop/mi 2/mi/core/server.go:24	server run success on 	{"address": ":9800"}
xfschain2022/03/12 - 14:51:35.799	[34minfo[0m	/Users/huangdaxian/Desktop/mi 2/mi/initialize/router.go:68	router register success
xfschain2022/03/12 - 14:51:35.800	[34minfo[0m	/Users/huangdaxian/Desktop/mi 2/mi/core/server.go:24	server run success on 	{"address": ":9800"}
xfschain2022/03/12 - 14:57:19.476	[34minfo[0m	/Users/huangdaxian/Desktop/mi 2/mi/initialize/router.go:68	router register success
xfschain2022/03/12 - 14:57:19.478	[34minfo[0m	/Users/huangdaxian/Desktop/mi 2/mi/core/server.go:24	server run success on 	{"address": ":9800"}
xfschain2022/03/12 - 14:57:49.001	[34minfo[0m	/Users/huangdaxian/Desktop/mi 2/mi/initialize/router.go:68	router register success
xfschain2022/03/12 - 14:57:49.002	[34minfo[0m	/Users/huangdaxian/Desktop/mi 2/mi/core/server.go:24	server run success on 	{"address": ":9800"}
xfschain2022/03/12 - 14:59:16.168	[34minfo[0m	/Users/huangdaxian/Desktop/mi 2/mi/initialize/router.go:68	router register success
xfschain2022/03/12 - 14:59:16.168	[34minfo[0m	/Users/huangdaxian/Desktop/mi 2/mi/core/server.go:24	server run success on 	{"address": ":9800"}
xfschain2022/03/12 - 14:59:58.680	[34minfo[0m	/Users/huangdaxian/Desktop/mi 2/mi/initialize/router.go:68	router register success
xfschain2022/03/12 - 14:59:58.681	[34minfo[0m	/Users/huangdaxian/Desktop/mi 2/mi/core/server.go:24	server run success on 	{"address": ":9800"}
xfschain2022/03/12 - 15:03:08.394	[34minfo[0m	/Users/huangdaxian/Desktop/mi 2/mi/initialize/router.go:68	router register success
xfschain2022/03/12 - 15:03:08.395	[34minfo[0m	/Users/huangdaxian/Desktop/mi 2/mi/core/server.go:24	server run success on 	{"address": ":9800"}
xfschain2022/03/12 - 15:14:03.201	[34minfo[0m	/Users/huangdaxian/Desktop/mi 2/mi/initialize/router.go:68	router register success
xfschain2022/03/12 - 15:14:03.202	[34minfo[0m	/Users/huangdaxian/Desktop/mi 2/mi/core/server.go:24	server run success on 	{"address": ":9800"}
xfschain2022/03/12 - 15:16:50.083	[34minfo[0m	/Users/huangdaxian/Desktop/mi 2/mi/initialize/router.go:68	router register success
xfschain2022/03/12 - 15:16:50.084	[34minfo[0m	/Users/huangdaxian/Desktop/mi 2/mi/core/server.go:24	server run success on 	{"address": ":9800"}
xfschain2022/03/12 - 15:17:13.638	[34minfo[0m	/Users/huangdaxian/Desktop/mi 2/mi/initialize/router.go:68	router register success
xfschain2022/03/12 - 15:17:13.638	[34minfo[0m	/Users/huangdaxian/Desktop/mi 2/mi/core/server.go:24	server run success on 	{"address": ":9800"}
xfschain2022/03/12 - 15:18:30.338	[34minfo[0m	/Users/huangdaxian/Desktop/mi 2/mi/initialize/router.go:68	router register success
xfschain2022/03/12 - 15:18:30.338	[34minfo[0m	/Users/huangdaxian/Desktop/mi 2/mi/core/server.go:24	server run success on 	{"address": ":9800"}
xfschain2022/03/12 - 15:19:42.933	[34minfo[0m	/Users/huangdaxian/Desktop/mi 2/mi/initialize/router.go:68	router register success
xfschain2022/03/12 - 15:19:42.934	[34minfo[0m	/Users/huangdaxian/Desktop/mi 2/mi/core/server.go:24	server run success on 	{"address": ":9800"}
xfschain2022/03/12 - 15:27:20.620	[34minfo[0m	/Users/huangdaxian/Desktop/mi 2/mi/initialize/router.go:68	router register success
xfschain2022/03/12 - 15:27:20.621	[34minfo[0m	/Users/huangdaxian/Desktop/mi 2/mi/core/server.go:24	server run success on 	{"address": ":9800"}
xfschain2022/03/12 - 15:28:26.452	[34minfo[0m	/Users/huangdaxian/Desktop/mi 2/mi/initialize/router.go:68	router register success
xfschain2022/03/12 - 15:28:26.453	[34minfo[0m	/Users/huangdaxian/Desktop/mi 2/mi/core/server.go:24	server run success on 	{"address": ":9800"}
xfschain2022/03/12 - 15:30:59.842	[34minfo[0m	/Users/huangdaxian/Desktop/mi 2/mi/initialize/router.go:68	router register success
xfschain2022/03/12 - 15:30:59.842	[34minfo[0m	/Users/huangdaxian/Desktop/mi 2/mi/core/server.go:24	server run success on 	{"address": ":9800"}
xfschain2022/03/12 - 15:32:34.347	[34minfo[0m	/Users/huangdaxian/Desktop/mi 2/mi/initialize/router.go:68	router register success
xfschain2022/03/12 - 15:32:34.347	[34minfo[0m	/Users/huangdaxian/Desktop/mi 2/mi/core/server.go:24	server run success on 	{"address": ":9800"}
xfschain2022/03/12 - 15:34:23.614	[34minfo[0m	/Users/huangdaxian/Desktop/mi 2/mi/initialize/router.go:68	router register success
xfschain2022/03/12 - 15:34:23.617	[34minfo[0m	/Users/huangdaxian/Desktop/mi 2/mi/core/server.go:24	server run success on 	{"address": ":9800"}
xfschain2022/03/12 - 15:35:15.227	[34minfo[0m	/Users/huangdaxian/Desktop/mi 2/mi/initialize/router.go:68	router register success
xfschain2022/03/12 - 15:35:15.228	[34minfo[0m	/Users/huangdaxian/Desktop/mi 2/mi/core/server.go:24	server run success on 	{"address": ":9800"}
xfschain2022/03/12 - 15:46:46.721	[34minfo[0m	/Users/huangdaxian/Desktop/mi 2/mi/initialize/router.go:68	router register success
xfschain2022/03/12 - 15:46:46.722	[34minfo[0m	/Users/huangdaxian/Desktop/mi 2/mi/core/server.go:24	server run success on 	{"address": ":9800"}
xfschain2022/03/12 - 15:48:17.009	[34minfo[0m	/Users/huangdaxian/Desktop/mi 2/mi/initialize/router.go:68	router register success
xfschain2022/03/12 - 15:48:17.009	[34minfo[0m	/Users/huangdaxian/Desktop/mi 2/mi/core/server.go:24	server run success on 	{"address": ":9800"}
xfschain2022/03/12 - 16:00:57.083	[34minfo[0m	/Users/huangdaxian/Desktop/mi 2/mi/initialize/router.go:68	router register success
xfschain2022/03/12 - 16:00:57.084	[34minfo[0m	/Users/huangdaxian/Desktop/mi 2/mi/core/server.go:24	server run success on 	{"address": ":9800"}
xfschain2022/03/12 - 16:07:20.296	[34minfo[0m	/Users/huangdaxian/Desktop/mi 2/mi/initialize/router.go:68	router register success
xfschain2022/03/12 - 16:07:20.297	[34minfo[0m	/Users/huangdaxian/Desktop/mi 2/mi/core/server.go:24	server run success on 	{"address": ":9800"}
xfschain2022/03/12 - 16:43:20.250	[34minfo[0m	/Users/huangdaxian/Desktop/mi 2/mi/initialize/router.go:68	router register success
xfschain2022/03/12 - 16:43:20.251	[34minfo[0m	/Users/huangdaxian/Desktop/mi 2/mi/core/server.go:24	server run success on 	{"address": ":9800"}
xfschain2022/03/12 - 16:47:01.131	[34minfo[0m	/Users/huangdaxian/Desktop/mi 2/mi/initialize/router.go:68	router register success
xfschain2022/03/12 - 16:47:01.133	[34minfo[0m	/Users/huangdaxian/Desktop/mi 2/mi/core/server.go:24	server run success on 	{"address": ":9800"}
xfschain2022/03/12 - 16:47:37.352	[34minfo[0m	/Users/huangdaxian/Desktop/mi 2/mi/initialize/router.go:68	router register success
xfschain2022/03/12 - 16:47:37.353	[34minfo[0m	/Users/huangdaxian/Desktop/mi 2/mi/core/server.go:24	server run success on 	{"address": ":9800"}
xfschain2022/03/12 - 17:00:01.764	[34minfo[0m	/Users/huangdaxian/Desktop/mi 2/mi/initialize/router.go:68	router register success
xfschain2022/03/12 - 17:00:01.765	[34minfo[0m	/Users/huangdaxian/Desktop/mi 2/mi/core/server.go:24	server run success on 	{"address": ":9800"}
xfschain2022/03/12 - 17:12:37.545	[34minfo[0m	/Users/huangdaxian/Desktop/mi 2/mi/initialize/router.go:68	router register success
xfschain2022/03/12 - 17:12:37.546	[34minfo[0m	/Users/huangdaxian/Desktop/mi 2/mi/core/server.go:24	server run success on 	{"address": ":9800"}
xfschain2022/03/12 - 17:18:11.371	[34minfo[0m	/Users/huangdaxian/Desktop/mi 2/mi/initialize/router.go:68	router register success
xfschain2022/03/12 - 17:18:11.372	[34minfo[0m	/Users/huangdaxian/Desktop/mi 2/mi/core/server.go:24	server run success on 	{"address": ":9800"}
xfschain2022/03/12 - 17:20:29.607	[34minfo[0m	/Users/huangdaxian/Desktop/mi 2/mi/initialize/router.go:68	router register success
xfschain2022/03/12 - 17:20:29.607	[34minfo[0m	/Users/huangdaxian/Desktop/mi 2/mi/core/server.go:24	server run success on 	{"address": ":9800"}
xfschain2022/03/12 - 17:22:26.884	[34minfo[0m	/Users/huangdaxian/Desktop/mi 2/mi/initialize/router.go:68	router register success
xfschain2022/03/12 - 17:22:26.885	[34minfo[0m	/Users/huangdaxian/Desktop/mi 2/mi/core/server.go:24	server run success on 	{"address": ":9800"}
xfschain2022/03/12 - 17:25:55.264	[34minfo[0m	/Users/huangdaxian/Desktop/mi 2/mi/initialize/router.go:68	router register success
xfschain2022/03/12 - 17:25:55.265	[34minfo[0m	/Users/huangdaxian/Desktop/mi 2/mi/core/server.go:24	server run success on 	{"address": ":9800"}
xfschain2022/03/12 - 17:26:38.780	[34minfo[0m	/Users/huangdaxian/Desktop/mi 2/mi/initialize/router.go:68	router register success
xfschain2022/03/12 - 17:26:38.781	[34minfo[0m	/Users/huangdaxian/Desktop/mi 2/mi/core/server.go:24	server run success on 	{"address": ":9800"}
xfschain2022/03/12 - 17:29:14.693	[34minfo[0m	/Users/huangdaxian/Desktop/mi 2/mi/initialize/router.go:68	router register success
xfschain2022/03/12 - 17:29:14.694	[34minfo[0m	/Users/huangdaxian/Desktop/mi 2/mi/core/server.go:24	server run success on 	{"address": ":9800"}
xfschain2022/03/12 - 17:30:05.890	[34minfo[0m	/Users/huangdaxian/Desktop/mi 2/mi/initialize/router.go:68	router register success
xfschain2022/03/12 - 17:30:05.892	[34minfo[0m	/Users/huangdaxian/Desktop/mi 2/mi/core/server.go:24	server run success on 	{"address": ":9800"}
xfschain2022/03/12 - 17:32:11.763	[34minfo[0m	/Users/huangdaxian/Desktop/mi 2/mi/initialize/router.go:68	router register success
xfschain2022/03/12 - 17:32:11.765	[34minfo[0m	/Users/huangdaxian/Desktop/mi 2/mi/core/server.go:24	server run success on 	{"address": ":9800"}
xfschain2022/03/12 - 17:36:34.371	[34minfo[0m	/Users/huangdaxian/Desktop/mi 2/mi/initialize/router.go:68	router register success
xfschain2022/03/12 - 17:36:34.372	[34minfo[0m	/Users/huangdaxian/Desktop/mi 2/mi/core/server.go:24	server run success on 	{"address": ":9800"}
xfschain2022/03/12 - 17:43:07.311	[34minfo[0m	/Users/huangdaxian/Desktop/mi 2/mi/initialize/router.go:68	router register success
xfschain2022/03/12 - 17:43:07.312	[34minfo[0m	/Users/huangdaxian/Desktop/mi 2/mi/core/server.go:24	server run success on 	{"address": ":9800"}
xfschain2022/03/12 - 17:53:23.038	[34minfo[0m	/Users/huangdaxian/Desktop/mi 2/mi/initialize/router.go:68	router register success
xfschain2022/03/12 - 17:53:23.039	[34minfo[0m	/Users/huangdaxian/Desktop/mi 2/mi/core/server.go:24	server run success on 	{"address": ":9800"}
xfschain2022/03/12 - 18:07:11.054	[34minfo[0m	/Users/huangdaxian/Desktop/mi 2/mi/initialize/router.go:68	router register success
xfschain2022/03/12 - 18:07:11.055	[34minfo[0m	/Users/huangdaxian/Desktop/mi 2/mi/core/server.go:24	server run success on 	{"address": ":9800"}
xfschain2022/03/12 - 18:11:32.598	[34minfo[0m	/Users/huangdaxian/Desktop/mi 2/mi/initialize/router.go:68	router register success
xfschain2022/03/12 - 18:11:32.599	[34minfo[0m	/Users/huangdaxian/Desktop/mi 2/mi/core/server.go:24	server run success on 	{"address": ":9800"}
xfschain2022/03/12 - 18:12:13.849	[34minfo[0m	/Users/huangdaxian/Desktop/mi 2/mi/initialize/router.go:68	router register success
xfschain2022/03/12 - 18:12:13.850	[34minfo[0m	/Users/huangdaxian/Desktop/mi 2/mi/core/server.go:24	server run success on 	{"address": ":9800"}
xfschain2022/03/12 - 18:35:00.818	[34minfo[0m	/Users/huangdaxian/Desktop/mi 2/mi/initialize/router.go:68	router register success
xfschain2022/03/12 - 18:35:00.829	[34minfo[0m	/Users/huangdaxian/Desktop/mi 2/mi/core/server.go:24	server run success on 	{"address": ":9800"}
xfschain2022/03/12 - 18:35:44.572	[34minfo[0m	/Users/huangdaxian/Desktop/mi 2/mi/initialize/router.go:68	router register success
xfschain2022/03/12 - 18:35:44.573	[34minfo[0m	/Users/huangdaxian/Desktop/mi 2/mi/core/server.go:24	server run success on 	{"address": ":9800"}
xfschain2022/03/12 - 18:37:28.886	[34minfo[0m	/Users/huangdaxian/Desktop/mi 2/mi/initialize/router.go:68	router register success
xfschain2022/03/12 - 18:37:28.887	[34minfo[0m	/Users/huangdaxian/Desktop/mi 2/mi/core/server.go:24	server run success on 	{"address": ":9800"}
xfschain2022/03/12 - 18:39:36.013	[34minfo[0m	/Users/huangdaxian/Desktop/mi 2/mi/initialize/router.go:68	router register success
xfschain2022/03/12 - 18:39:36.015	[34minfo[0m	/Users/huangdaxian/Desktop/mi 2/mi/core/server.go:24	server run success on 	{"address": ":9800"}
xfschain2022/03/12 - 18:41:20.910	[34minfo[0m	/Users/huangdaxian/Desktop/mi 2/mi/initialize/router.go:68	router register success
xfschain2022/03/12 - 18:41:20.910	[34minfo[0m	/Users/huangdaxian/Desktop/mi 2/mi/core/server.go:24	server run success on 	{"address": ":9800"}
xfschain2022/03/12 - 18:44:57.979	[34minfo[0m	/Users/huangdaxian/Desktop/mi 2/mi/initialize/router.go:68	router register success
xfschain2022/03/12 - 18:44:57.980	[34minfo[0m	/Users/huangdaxian/Desktop/mi 2/mi/core/server.go:24	server run success on 	{"address": ":9800"}
xfschain2022/03/12 - 18:46:22.613	[34minfo[0m	/Users/huangdaxian/Desktop/mi 2/mi/initialize/router.go:68	router register success
xfschain2022/03/12 - 18:46:22.614	[34minfo[0m	/Users/huangdaxian/Desktop/mi 2/mi/core/server.go:24	server run success on 	{"address": ":9800"}
xfschain2022/03/12 - 18:48:25.174	[34minfo[0m	/Users/huangdaxian/Desktop/mi 2/mi/initialize/router.go:68	router register success
xfschain2022/03/12 - 18:48:25.174	[34minfo[0m	/Users/huangdaxian/Desktop/mi 2/mi/core/server.go:24	server run success on 	{"address": ":9800"}
xfschain2022/03/12 - 18:49:21.052	[34minfo[0m	/Users/huangdaxian/Desktop/mi 2/mi/initialize/router.go:68	router register success
xfschain2022/03/12 - 18:49:21.053	[34minfo[0m	/Users/huangdaxian/Desktop/mi 2/mi/core/server.go:24	server run success on 	{"address": ":9800"}
xfschain2022/03/12 - 18:51:23.580	[34minfo[0m	/Users/huangdaxian/Desktop/mi 2/mi/initialize/router.go:68	router register success
xfschain2022/03/12 - 18:51:23.581	[34minfo[0m	/Users/huangdaxian/Desktop/mi 2/mi/core/server.go:24	server run success on 	{"address": ":9800"}
xfschain2022/03/12 - 19:05:42.333	[34minfo[0m	/Users/huangdaxian/Desktop/mi 2/mi/initialize/router.go:68	router register success
xfschain2022/03/12 - 19:05:42.335	[34minfo[0m	/Users/huangdaxian/Desktop/mi 2/mi/core/server.go:24	server run success on 	{"address": ":9800"}
xfschain2022/03/12 - 19:07:57.626	[34minfo[0m	/Users/huangdaxian/Desktop/mi 2/mi/initialize/router.go:68	router register success
xfschain2022/03/12 - 19:07:57.627	[34minfo[0m	/Users/huangdaxian/Desktop/mi 2/mi/core/server.go:24	server run success on 	{"address": ":9800"}
xfschain2022/03/12 - 19:09:58.591	[34minfo[0m	/Users/huangdaxian/Desktop/mi 2/mi/initialize/router.go:68	router register success
xfschain2022/03/12 - 19:09:58.592	[34minfo[0m	/Users/huangdaxian/Desktop/mi 2/mi/core/server.go:24	server run success on 	{"address": ":9800"}
xfschain2022/03/12 - 19:13:35.827	[34minfo[0m	/Users/huangdaxian/Desktop/mi 2/mi/initialize/router.go:68	router register success
xfschain2022/03/12 - 19:13:35.830	[34minfo[0m	/Users/huangdaxian/Desktop/mi 2/mi/core/server.go:24	server run success on 	{"address": ":9800"}
xfschain2022/03/12 - 19:14:17.102	[34minfo[0m	/Users/huangdaxian/Desktop/mi 2/mi/initialize/router.go:68	router register success
xfschain2022/03/12 - 19:14:17.104	[34minfo[0m	/Users/huangdaxian/Desktop/mi 2/mi/core/server.go:24	server run success on 	{"address": ":9800"}
xfschain2022/03/12 - 19:32:21.623	[34minfo[0m	/Users/huangdaxian/Desktop/mi 2/mi/initialize/router.go:68	router register success
xfschain2022/03/12 - 19:32:21.625	[34minfo[0m	/Users/huangdaxian/Desktop/mi 2/mi/core/server.go:24	server run success on 	{"address": ":9800"}
xfschain2022/03/12 - 19:35:05.733	[34minfo[0m	/Users/huangdaxian/Desktop/mi 2/mi/initialize/router.go:68	router register success
xfschain2022/03/12 - 19:35:05.735	[34minfo[0m	/Users/huangdaxian/Desktop/mi 2/mi/core/server.go:24	server run success on 	{"address": ":9800"}
xfschain2022/03/12 - 19:39:59.999	[34minfo[0m	/Users/huangdaxian/Desktop/mi 2/mi/initialize/router.go:68	router register success
xfschain2022/03/12 - 19:40:00.001	[34minfo[0m	/Users/huangdaxian/Desktop/mi 2/mi/core/server.go:24	server run success on 	{"address": ":9800"}
xfschain2022/03/12 - 19:41:17.838	[34minfo[0m	/Users/huangdaxian/Desktop/mi 2/mi/initialize/router.go:68	router register success
xfschain2022/03/12 - 19:41:17.838	[34minfo[0m	/Users/huangdaxian/Desktop/mi 2/mi/core/server.go:24	server run success on 	{"address": ":9800"}
xfschain2022/03/12 - 19:45:05.934	[34minfo[0m	/Users/huangdaxian/Desktop/mi 2/mi/initialize/router.go:68	router register success
xfschain2022/03/12 - 19:45:05.935	[34minfo[0m	/Users/huangdaxian/Desktop/mi 2/mi/core/server.go:24	server run success on 	{"address": ":9800"}
xfschain2022/03/12 - 19:46:21.904	[34minfo[0m	/Users/huangdaxian/Desktop/mi 2/mi/initialize/router.go:68	router register success
xfschain2022/03/12 - 19:46:21.905	[34minfo[0m	/Users/huangdaxian/Desktop/mi 2/mi/core/server.go:24	server run success on 	{"address": ":9800"}
xfschain2022/03/12 - 19:58:25.525	[34minfo[0m	/Users/huangdaxian/Desktop/mi 2/mi/initialize/router.go:68	router register success
xfschain2022/03/12 - 19:58:25.526	[34minfo[0m	/Users/huangdaxian/Desktop/mi 2/mi/core/server.go:24	server run success on 	{"address": ":9800"}
xfschain2022/03/12 - 20:00:28.944	[34minfo[0m	/Users/huangdaxian/Desktop/mi 2/mi/initialize/router.go:68	router register success
xfschain2022/03/12 - 20:00:28.944	[34minfo[0m	/Users/huangdaxian/Desktop/mi 2/mi/core/server.go:24	server run success on 	{"address": ":9800"}
xfschain2022/03/12 - 21:38:38.243	[34minfo[0m	/Users/huangdaxian/Desktop/mi 2/mi/initialize/router.go:68	router register success
xfschain2022/03/12 - 21:38:38.244	[34minfo[0m	/Users/huangdaxian/Desktop/mi 2/mi/core/server.go:24	server run success on 	{"address": ":9800"}
xfschain2022/03/12 - 21:41:24.002	[34minfo[0m	/Users/huangdaxian/Desktop/mi 2/mi/initialize/router.go:68	router register success
xfschain2022/03/12 - 21:41:24.003	[34minfo[0m	/Users/huangdaxian/Desktop/mi 2/mi/core/server.go:24	server run success on 	{"address": ":9800"}
xfschain2022/03/13 - 09:37:53.522	[34minfo[0m	/Users/huangdaxian/Desktop/mi 2/mi/initialize/router.go:68	router register success
xfschain2022/03/13 - 09:37:53.524	[34minfo[0m	/Users/huangdaxian/Desktop/mi 2/mi/core/server.go:24	server run success on 	{"address": ":9800"}
xfschain2022/03/13 - 10:35:48.684	[34minfo[0m	/Users/huangdaxian/Desktop/mi 2/mi/initialize/router.go:68	router register success
xfschain2022/03/13 - 10:35:48.685	[34minfo[0m	/Users/huangdaxian/Desktop/mi 2/mi/core/server.go:24	server run success on 	{"address": ":9800"}
xfschain2022/03/13 - 10:38:13.315	[34minfo[0m	/Users/huangdaxian/Desktop/mi 2/mi/initialize/router.go:68	router register success
xfschain2022/03/13 - 10:38:13.316	[34minfo[0m	/Users/huangdaxian/Desktop/mi 2/mi/core/server.go:24	server run success on 	{"address": ":9800"}
xfschain2022/03/13 - 10:39:57.218	[34minfo[0m	/Users/huangdaxian/Desktop/mi 2/mi/initialize/router.go:68	router register success
xfschain2022/03/13 - 10:39:57.219	[34minfo[0m	/Users/huangdaxian/Desktop/mi 2/mi/core/server.go:24	server run success on 	{"address": ":9800"}
xfschain2022/03/13 - 10:41:00.906	[34minfo[0m	/Users/huangdaxian/Desktop/mi 2/mi/initialize/router.go:68	router register success
xfschain2022/03/13 - 10:41:00.906	[34minfo[0m	/Users/huangdaxian/Desktop/mi 2/mi/core/server.go:24	server run success on 	{"address": ":9800"}
xfschain2022/03/13 - 10:44:33.102	[34minfo[0m	/Users/huangdaxian/Desktop/mi 2/mi/initialize/router.go:68	router register success
xfschain2022/03/13 - 10:44:33.103	[34minfo[0m	/Users/huangdaxian/Desktop/mi 2/mi/core/server.go:24	server run success on 	{"address": ":9800"}
xfschain2022/03/13 - 10:45:12.850	[34minfo[0m	/Users/huangdaxian/Desktop/mi 2/mi/initialize/router.go:68	router register success
xfschain2022/03/13 - 10:45:12.851	[34minfo[0m	/Users/huangdaxian/Desktop/mi 2/mi/core/server.go:24	server run success on 	{"address": ":9800"}
xfschain2022/03/13 - 17:33:43.762	[34minfo[0m	/Users/huangdaxian/Desktop/mi 2/mi/initialize/router.go:68	router register success
xfschain2022/03/13 - 17:33:43.763	[34minfo[0m	/Users/huangdaxian/Desktop/mi 2/mi/core/server.go:24	server run success on 	{"address": ":9800"}
xfschain2022/03/13 - 17:39:02.348	[34minfo[0m	/Users/huangdaxian/Desktop/mi 2/mi/initialize/router.go:68	router register success
xfschain2022/03/13 - 17:39:02.349	[34minfo[0m	/Users/huangdaxian/Desktop/mi 2/mi/core/server.go:24	server run success on 	{"address": ":9800"}
xfschain2022/03/13 - 17:42:45.616	[34minfo[0m	/Users/huangdaxian/Desktop/mi 2/mi/initialize/router.go:68	router register success
xfschain2022/03/13 - 17:42:45.616	[34minfo[0m	/Users/huangdaxian/Desktop/mi 2/mi/core/server.go:24	server run success on 	{"address": ":9800"}
xfschain2022/03/13 - 17:48:34.649	[34minfo[0m	/Users/huangdaxian/Desktop/mi 2/mi/initialize/router.go:68	router register success
xfschain2022/03/13 - 17:48:34.649	[34minfo[0m	/Users/huangdaxian/Desktop/mi 2/mi/core/server.go:24	server run success on 	{"address": ":9800"}
xfschain2022/03/13 - 21:42:35.818	[34minfo[0m	/Users/huangdaxian/Desktop/mi 2/mi/initialize/router.go:68	router register success
xfschain2022/03/13 - 21:42:35.820	[34minfo[0m	/Users/huangdaxian/Desktop/mi 2/mi/core/server.go:24	server run success on 	{"address": ":9800"}
xfschain2022/03/13 - 21:46:38.322	[34minfo[0m	/Users/huangdaxian/Desktop/mi 2/mi/initialize/router.go:68	router register success
xfschain2022/03/13 - 21:46:38.323	[34minfo[0m	/Users/huangdaxian/Desktop/mi 2/mi/core/server.go:24	server run success on 	{"address": ":9800"}
xfschain2022/03/13 - 21:48:20.749	[34minfo[0m	/Users/huangdaxian/Desktop/mi 2/mi/initialize/router.go:68	router register success
xfschain2022/03/13 - 21:48:20.750	[34minfo[0m	/Users/huangdaxian/Desktop/mi 2/mi/core/server.go:24	server run success on 	{"address": ":9800"}
xfschain2022/03/13 - 21:50:02.110	[34minfo[0m	/Users/huangdaxian/Desktop/mi 2/mi/initialize/router.go:68	router register success
xfschain2022/03/13 - 21:50:02.111	[34minfo[0m	/Users/huangdaxian/Desktop/mi 2/mi/core/server.go:24	server run success on 	{"address": ":9800"}
xfschain2022/03/13 - 21:57:29.702	[34minfo[0m	/Users/huangdaxian/Desktop/mi 2/mi/initialize/router.go:68	router register success
xfschain2022/03/13 - 21:57:29.703	[34minfo[0m	/Users/huangdaxian/Desktop/mi 2/mi/core/server.go:24	server run success on 	{"address": ":9800"}
xfschain2022/03/14 - 20:37:43.442	[34minfo[0m	/Users/huangdaxian/Desktop/mi/initialize/router.go:68	router register success
xfschain2022/03/14 - 20:37:43.445	[34minfo[0m	/Users/huangdaxian/Desktop/mi/core/server.go:24	server run success on 	{"address": ":9800"}
xfschain2022/03/14 - 20:51:12.530	[34minfo[0m	/Users/huangdaxian/Desktop/mi/initialize/router.go:68	router register success
xfschain2022/03/14 - 20:51:12.531	[34minfo[0m	/Users/huangdaxian/Desktop/mi/core/server.go:24	server run success on 	{"address": ":9800"}
xfschain2022/03/14 - 20:59:13.367	[34minfo[0m	/Users/huangdaxian/Desktop/mi/initialize/router.go:68	router register success
xfschain2022/03/14 - 20:59:13.368	[34minfo[0m	/Users/huangdaxian/Desktop/mi/core/server.go:24	server run success on 	{"address": ":9800"}
xfschain2022/03/14 - 21:05:48.812	[34minfo[0m	/Users/huangdaxian/Desktop/mi/initialize/router.go:68	router register success
xfschain2022/03/14 - 21:05:48.813	[34minfo[0m	/Users/huangdaxian/Desktop/mi/core/server.go:24	server run success on 	{"address": ":9800"}
xfschain2022/03/14 - 21:06:49.142	[34minfo[0m	/Users/huangdaxian/Desktop/mi/initialize/router.go:68	router register success
xfschain2022/03/14 - 21:06:49.143	[34minfo[0m	/Users/huangdaxian/Desktop/mi/core/server.go:24	server run success on 	{"address": ":9800"}
xfschain2022/03/15 - 19:57:19.715	[34minfo[0m	/Users/huangdaxian/Desktop/mi/initialize/router.go:68	router register success
xfschain2022/03/15 - 19:57:19.717	[34minfo[0m	/Users/huangdaxian/Desktop/mi/core/server.go:24	server run success on 	{"address": ":9800"}
xfschain2022/03/15 - 19:59:51.287	[34minfo[0m	/Users/huangdaxian/Desktop/mi/initialize/router.go:68	router register success
xfschain2022/03/15 - 19:59:51.288	[34minfo[0m	/Users/huangdaxian/Desktop/mi/core/server.go:24	server run success on 	{"address": ":9800"}
xfschain2022/03/15 - 20:13:58.132	[34minfo[0m	/Users/huangdaxian/Desktop/mi/initialize/router.go:68	router register success
xfschain2022/03/15 - 20:13:58.134	[34minfo[0m	/Users/huangdaxian/Desktop/mi/core/server.go:24	server run success on 	{"address": ":9800"}
xfschain2022/03/15 - 20:17:59.595	[34minfo[0m	/Users/huangdaxian/Desktop/mi/initialize/router.go:68	router register success
xfschain2022/03/15 - 20:17:59.596	[34minfo[0m	/Users/huangdaxian/Desktop/mi/core/server.go:24	server run success on 	{"address": ":9800"}
xfschain2022/03/15 - 20:22:58.343	[34minfo[0m	/Users/huangdaxian/Desktop/mi/initialize/router.go:68	router register success
xfschain2022/03/15 - 20:22:58.344	[34minfo[0m	/Users/huangdaxian/Desktop/mi/core/server.go:24	server run success on 	{"address": ":9800"}
xfschain2022/03/15 - 20:27:35.428	[34minfo[0m	/Users/huangdaxian/Desktop/mi/initialize/router.go:68	router register success
xfschain2022/03/15 - 20:27:35.430	[34minfo[0m	/Users/huangdaxian/Desktop/mi/core/server.go:24	server run success on 	{"address": ":9800"}
xfschain2022/03/15 - 20:30:08.705	[34minfo[0m	/Users/huangdaxian/Desktop/mi/initialize/router.go:68	router register success
xfschain2022/03/15 - 20:30:08.706	[34minfo[0m	/Users/huangdaxian/Desktop/mi/core/server.go:24	server run success on 	{"address": ":9800"}
xfschain2022/03/15 - 20:44:58.540	[34minfo[0m	/Users/huangdaxian/Desktop/mi/initialize/router.go:68	router register success
xfschain2022/03/15 - 20:44:58.541	[34minfo[0m	/Users/huangdaxian/Desktop/mi/core/server.go:24	server run success on 	{"address": ":9800"}
xfschain2022/03/15 - 20:46:49.181	[34minfo[0m	/Users/huangdaxian/Desktop/mi/initialize/router.go:68	router register success
xfschain2022/03/15 - 20:46:49.183	[34minfo[0m	/Users/huangdaxian/Desktop/mi/core/server.go:24	server run success on 	{"address": ":9800"}
